<?xml version="1.0" encoding="utf-8"?><testsuites name="pytest tests"><testsuite name="pytest" errors="0" failures="0" skipped="0" tests="23" time="8.155" timestamp="2026-02-15T12:52:09.149956+00:00" hostname="agent-env-dc447b91-5ed5-4f46-8561-17a088dde252"><testcase classname="backend.tests.test_api_v130.TestVersionAndAPIVersion" name="test_api_health_check_v130" time="0.122" /><testcase classname="backend.tests.test_api_v130.TestVersionAndAPIVersion" name="test_version_endpoint_returns_api_version" time="0.098" /><testcase classname="backend.tests.test_api_v130.TestServiceStatus" name="test_services_status_requires_auth" time="0.097" /><testcase classname="backend.tests.test_api_v130.TestServiceStatus" name="test_services_status_requires_admin" time="0.451" /><testcase classname="backend.tests.test_api_v130.TestServiceStatus" name="test_services_status_returns_ocr_voice_storage" time="0.424" /><testcase classname="backend.tests.test_api_v130.TestStorageProviders" name="test_storage_providers_requires_auth" time="0.099" /><testcase classname="backend.tests.test_api_v130.TestStorageProviders" name="test_storage_providers_requires_admin" time="0.495" /><testcase classname="backend.tests.test_api_v130.TestStorageProviders" name="test_storage_providers_lists_all_providers" time="0.496" /><testcase classname="backend.tests.test_api_v130.TestRecordsYearFilter" name="test_records_with_year_filter" time="0.412" /><testcase classname="backend.tests.test_api_v130.TestRecordsYearFilter" name="test_records_with_year_2024_filter" time="0.423" /><testcase classname="backend.tests.test_api_v130.TestRecordsYearFilter" name="test_records_with_future_year_filter" time="0.421" /><testcase classname="backend.tests.test_api_v130.TestRecordsSorting" name="test_records_sort_by_created_at_desc" time="0.460" /><testcase classname="backend.tests.test_api_v130.TestRecordsSorting" name="test_records_sort_by_created_at_asc" time="0.425" /><testcase classname="backend.tests.test_api_v130.TestRecordsSorting" name="test_records_sort_by_plate" time="0.525" /><testcase classname="backend.tests.test_api_v130.TestRecordsSorting" name="test_records_sort_by_work_order" time="0.508" /><testcase classname="backend.tests.test_api_v130.TestOCREndpoints" name="test_ocr_detect_text_requires_auth" time="0.119" /><testcase classname="backend.tests.test_api_v130.TestOCREndpoints" name="test_ocr_detect_text_unconfigured" time="0.607" /><testcase classname="backend.tests.test_api_v130.TestOCREndpoints" name="test_ocr_detect_plate_requires_auth" time="0.111" /><testcase classname="backend.tests.test_api_v130.TestOCREndpoints" name="test_ocr_detect_plate_unconfigured" time="0.423" /><testcase classname="backend.tests.test_api_v130.TestVoiceEndpoint" name="test_voice_transcribe_requires_auth" time="0.102" /><testcase classname="backend.tests.test_api_v130.TestVoiceEndpoint" name="test_voice_transcribe_unconfigured" time="0.421" /><testcase classname="backend.tests.test_api_v130.TestRecordsCombinedFilters" name="test_records_year_and_sort_combined" time="0.433" /><testcase classname="backend.tests.test_api_v130.TestRecordsCombinedFilters" name="test_records_type_year_sort_combined" time="0.428" /></testsuite></testsuites>