<?xml version="1.0" encoding="utf-8"?><testsuites name="pytest tests"><testsuite name="pytest" errors="0" failures="0" skipped="0" tests="20" time="11.302" timestamp="2026-02-15T12:38:25.011237+00:00" hostname="agent-env-dc447b91-5ed5-4f46-8561-17a088dde252"><testcase classname="backend.tests.test_api_v3.TestHealthAndVersion" name="test_api_health_check" time="3.260" /><testcase classname="backend.tests.test_api_v3.TestHealthAndVersion" name="test_version_endpoint" time="0.109" /><testcase classname="backend.tests.test_api_v3.TestBranches" name="test_get_branches" time="0.105" /><testcase classname="backend.tests.test_api_v3.TestBranches" name="test_get_job_titles" time="0.119" /><testcase classname="backend.tests.test_api_v3.TestAuthentication" name="test_admin_login" time="0.336" /><testcase classname="backend.tests.test_api_v3.TestAuthentication" name="test_staff_login" time="0.319" /><testcase classname="backend.tests.test_api_v3.TestAuthentication" name="test_apprentice_login" time="0.326" /><testcase classname="backend.tests.test_api_v3.TestAuthentication" name="test_invalid_login" time="0.096" /><testcase classname="backend.tests.test_api_v3.TestAuthentication" name="test_get_current_user" time="0.439" /><testcase classname="backend.tests.test_api_v3.TestStaffManagement" name="test_get_staff_list" time="0.444" /><testcase classname="backend.tests.test_api_v3.TestStaffManagement" name="test_get_apprentices" time="0.423" /><testcase classname="backend.tests.test_api_v3.TestRecordApprovalWorkflow" name="test_pending_records_endpoint" time="0.419" /><testcase classname="backend.tests.test_api_v3.TestRecordApprovalWorkflow" name="test_apprentice_creates_pending_record" time="0.442" /><testcase classname="backend.tests.test_api_v3.TestRecordApprovalWorkflow" name="test_approve_record" time="0.856" /><testcase classname="backend.tests.test_api_v3.TestRecordApprovalWorkflow" name="test_reject_record" time="0.827" /><testcase classname="backend.tests.test_api_v3.TestNotifications" name="test_get_notifications" time="0.907" /><testcase classname="backend.tests.test_api_v3.TestNotifications" name="test_apprentice_receives_approval_notification" time="0.433" /><testcase classname="backend.tests.test_api_v3.TestAdminDashboard" name="test_get_stats" time="0.463" /><testcase classname="backend.tests.test_api_v3.TestAdminDashboard" name="test_get_settings" time="0.433" /><testcase classname="backend.tests.test_api_v3.TestStaffDashboard" name="test_staff_my_stats" time="0.426" /></testsuite></testsuites>