<?xml version="1.0" encoding="utf-8"?><testsuites name="pytest tests"><testsuite name="pytest" errors="0" failures="0" skipped="0" tests="17" time="8.892" timestamp="2026-02-15T13:13:50.746727+00:00" hostname="agent-env-e247a03f-b9b7-483d-ab80-7b9c5772ac44"><testcase classname="tests.test_p0_backlog.TestAuthentication" name="test_admin_login_success" time="0.492" /><testcase classname="tests.test_p0_backlog.TestAuthentication" name="test_admin_login_wrong_password" time="0.344" /><testcase classname="tests.test_p0_backlog.TestAuthentication" name="test_invalid_user_login" time="0.183" /><testcase classname="tests.test_p0_backlog.TestOCREndpoints" name="test_ocr_detect_plate_endpoint_accessible" time="0.454" /><testcase classname="tests.test_p0_backlog.TestOCREndpoints" name="test_ocr_detect_text_endpoint_accessible" time="0.609" /><testcase classname="tests.test_p0_backlog.TestOCREndpoints" name="test_ocr_requires_authentication" time="0.112" /><testcase classname="tests.test_p0_backlog.TestVoiceEndpoints" name="test_voice_transcribe_endpoint_accessible" time="0.449" /><testcase classname="tests.test_p0_backlog.TestVoiceEndpoints" name="test_voice_transcribe_with_different_providers" time="0.711" /><testcase classname="tests.test_p0_backlog.TestVoiceEndpoints" name="test_voice_requires_authentication" time="0.122" /><testcase classname="tests.test_p0_backlog.TestSettingsEndpoints" name="test_get_settings" time="0.546" /><testcase classname="tests.test_p0_backlog.TestSettingsEndpoints" name="test_update_settings_ocr_provider" time="1.063" /><testcase classname="tests.test_p0_backlog.TestSettingsEndpoints" name="test_update_settings_voice_provider" time="0.789" /><testcase classname="tests.test_p0_backlog.TestSettingsEndpoints" name="test_update_settings_storage_type" time="1.055" /><testcase classname="tests.test_p0_backlog.TestSettingsEndpoints" name="test_settings_requires_admin" time="0.132" /><testcase classname="tests.test_p0_backlog.TestRecordFormValidation" name="test_standard_record_requires_plate_and_work_order" time="0.560" /><testcase classname="tests.test_p0_backlog.TestRecordFormValidation" name="test_create_standard_record_success" time="0.638" /><testcase classname="tests.test_p0_backlog.TestServiceStatus" name="test_services_status" time="0.465" /></testsuite></testsuites>