<?xml version="1.0" encoding="utf-8"?><testsuites name="pytest tests"><testsuite name="pytest" errors="0" failures="4" skipped="0" tests="23" time="9.022" timestamp="2026-02-15T12:51:03.459431+00:00" hostname="agent-env-dc447b91-5ed5-4f46-8561-17a088dde252"><testcase classname="backend.tests.test_api_v130.TestVersionAndAPIVersion" name="test_api_health_check_v130" time="0.250" /><testcase classname="backend.tests.test_api_v130.TestVersionAndAPIVersion" name="test_version_endpoint_returns_api_version" time="0.106" /><testcase classname="backend.tests.test_api_v130.TestServiceStatus" name="test_services_status_requires_auth" time="0.157" /><testcase classname="backend.tests.test_api_v130.TestServiceStatus" name="test_services_status_requires_admin" time="0.650" /><testcase classname="backend.tests.test_api_v130.TestServiceStatus" name="test_services_status_returns_ocr_voice_storage" time="0.439" /><testcase classname="backend.tests.test_api_v130.TestStorageProviders" name="test_storage_providers_requires_auth" time="0.101" /><testcase classname="backend.tests.test_api_v130.TestStorageProviders" name="test_storage_providers_requires_admin" time="0.839" /><testcase classname="backend.tests.test_api_v130.TestStorageProviders" name="test_storage_providers_lists_all_providers" time="0.470" /><testcase classname="backend.tests.test_api_v130.TestRecordsYearFilter" name="test_records_with_year_filter" time="0.463" /><testcase classname="backend.tests.test_api_v130.TestRecordsYearFilter" name="test_records_with_year_2024_filter" time="0.489" /><testcase classname="backend.tests.test_api_v130.TestRecordsYearFilter" name="test_records_with_future_year_filter" time="0.443" /><testcase classname="backend.tests.test_api_v130.TestRecordsSorting" name="test_records_sort_by_created_at_desc" time="0.529"><failure message="assert 520 == 200&#10; +  where 520 = &lt;Response [520]&gt;.status_code">backend/tests/test_api_v130.py:203: in test_records_sort_by_created_at_desc
    assert response.status_code == 200
E   assert 520 == 200
E    +  where 520 = &lt;Response [520]&gt;.status_code</failure></testcase><testcase classname="backend.tests.test_api_v130.TestRecordsSorting" name="test_records_sort_by_created_at_asc" time="0.463"><failure message="assert 520 == 200&#10; +  where 520 = &lt;Response [520]&gt;.status_code">backend/tests/test_api_v130.py:220: in test_records_sort_by_created_at_asc
    assert response.status_code == 200
E   assert 520 == 200
E    +  where 520 = &lt;Response [520]&gt;.status_code</failure></testcase><testcase classname="backend.tests.test_api_v130.TestRecordsSorting" name="test_records_sort_by_plate" time="0.493"><failure message="assert 520 == 200&#10; +  where 520 = &lt;Response [520]&gt;.status_code">backend/tests/test_api_v130.py:237: in test_records_sort_by_plate
    assert response.status_code == 200
E   assert 520 == 200
E    +  where 520 = &lt;Response [520]&gt;.status_code</failure></testcase><testcase classname="backend.tests.test_api_v130.TestRecordsSorting" name="test_records_sort_by_work_order" time="0.430"><failure message="assert 520 == 200&#10; +  where 520 = &lt;Response [520]&gt;.status_code">backend/tests/test_api_v130.py:248: in test_records_sort_by_work_order
    assert response.status_code == 200
E   assert 520 == 200
E    +  where 520 = &lt;Response [520]&gt;.status_code</failure></testcase><testcase classname="backend.tests.test_api_v130.TestOCREndpoints" name="test_ocr_detect_text_requires_auth" time="0.108" /><testcase classname="backend.tests.test_api_v130.TestOCREndpoints" name="test_ocr_detect_text_unconfigured" time="0.450" /><testcase classname="backend.tests.test_api_v130.TestOCREndpoints" name="test_ocr_detect_plate_requires_auth" time="0.109" /><testcase classname="backend.tests.test_api_v130.TestOCREndpoints" name="test_ocr_detect_plate_unconfigured" time="0.504" /><testcase classname="backend.tests.test_api_v130.TestVoiceEndpoint" name="test_voice_transcribe_requires_auth" time="0.099" /><testcase classname="backend.tests.test_api_v130.TestVoiceEndpoint" name="test_voice_transcribe_unconfigured" time="0.434" /><testcase classname="backend.tests.test_api_v130.TestRecordsCombinedFilters" name="test_records_year_and_sort_combined" time="0.422" /><testcase classname="backend.tests.test_api_v130.TestRecordsCombinedFilters" name="test_records_type_year_sort_combined" time="0.451" /></testsuite></testsuites>